2020-02-25 00:24:00,442 - index_00:24:00.442466 - INFO - index function success
2020-02-25 00:24:05,195 - autoLogin.py00:24:05.134916 - INFO - OCX call
2020-02-25 00:24:05,195 - autoLogin.py00:24:05.134916 - INFO - Login Trying
2020-02-25 00:24:05,539 - autoLogin.py00:24:05.134916 - INFO - Login Success
2020-02-25 00:24:07,240 - index_00:24:07.240285 - INFO - index function success
2020-02-25 00:27:24,893 - app.py_00:27:24.893801 - INFO - Server Start!!!!!!!!!!!!!!!!!!!!!!
2020-02-25 00:27:25,540 - werkzeug - WARNING -  * Debugger is active!
2020-02-25 00:27:25,546 - werkzeug - INFO -  * Debugger PIN: 238-571-924
2020-02-25 00:27:25,557 - werkzeug - INFO -  * Running on http://1.232.245.14:2020/ (Press CTRL+C to quit)
2020-02-25 00:27:27,742 - index_00:27:27.742182 - INFO - index function success
2020-02-25 00:43:59,174 - index_00:43:59.174870 - INFO - index function success
2020-02-25 00:44:14,645 - index_00:44:14.644496 - INFO - index function success
2020-02-25 00:44:26,988 - monitoring_new.py_00:44:26.973524 - INFO - sorted
2020-02-25 00:44:26,989 - monitoring_new.py_00:44:26.973524 - INFO - sorted
2020-02-25 00:44:26,990 - monitoring_new.py_00:44:26.973524 - INFO - sorted
2020-02-25 00:44:26,992 - monitoring_new.py_00:44:26.973524 - INFO - sorted
2020-02-25 00:44:26,993 - monitoring_new.py_00:44:26.973524 - INFO - sorted
2020-02-25 00:44:26,994 - monitoring_new.py_00:44:26.973524 - INFO - sorted
2020-02-25 00:44:26,995 - monitoring_new.py_00:44:26.973524 - INFO - sorted
2020-02-25 00:44:26,997 - monitoring_new.py_00:44:26.973524 - INFO - sorted
2020-02-25 00:44:26,998 - monitoring_new.py_00:44:26.973524 - INFO - sorted
2020-02-25 00:44:26,999 - monitoring_new.py_00:44:26.973524 - INFO - sorted
2020-02-25 00:44:27,000 - monitoring_new.py_00:44:26.973524 - INFO - sorted
2020-02-25 00:44:27,001 - monitoring_new.py_00:44:26.973524 - INFO - sorted
2020-02-25 00:44:27,003 - monitoring_new.py_00:44:26.973524 - INFO - sorted
2020-02-25 00:44:27,004 - monitoring_new.py_00:44:26.973524 - INFO - sorted
2020-02-25 00:44:27,005 - monitoring_new.py_00:44:26.973524 - INFO - sorted
2020-02-25 00:44:27,006 - monitoring_new.py_00:44:26.973524 - INFO - sorted
2020-02-25 00:44:27,007 - monitoring_new.py_00:44:26.973524 - INFO - sorted
2020-02-25 00:44:27,009 - monitoring_new.py_00:44:26.973524 - INFO - sorted
2020-02-25 00:44:27,010 - monitoring_new.py_00:44:26.973524 - INFO - sorted
2020-02-25 00:44:27,011 - monitoring_new.py_00:44:26.973524 - INFO - sorted
2020-02-25 00:44:27,012 - monitoring_new.py_00:44:26.973524 - INFO - sorted
2020-02-25 00:44:27,013 - monitoring_new.py_00:44:26.973524 - INFO - sorted
2020-02-25 00:44:27,014 - monitoring_new.py_00:44:26.973524 - INFO - sorted
2020-02-25 00:44:27,015 - monitoring_new.py_00:44:26.973524 - INFO - sorted
2020-02-25 00:44:32,453 - monitoring_new.py_00:44:32.428933 - INFO - sorted
2020-02-25 00:44:32,455 - monitoring_new.py_00:44:32.428933 - INFO - sorted
2020-02-25 00:44:32,456 - monitoring_new.py_00:44:32.428933 - INFO - sorted
2020-02-25 00:44:32,458 - monitoring_new.py_00:44:32.428933 - INFO - sorted
2020-02-25 00:44:32,460 - monitoring_new.py_00:44:32.428933 - INFO - sorted
2020-02-25 00:44:32,461 - monitoring_new.py_00:44:32.428933 - INFO - sorted
2020-02-25 00:44:32,463 - monitoring_new.py_00:44:32.428933 - INFO - sorted
2020-02-25 00:44:32,465 - monitoring_new.py_00:44:32.428933 - INFO - sorted
2020-02-25 00:44:32,466 - monitoring_new.py_00:44:32.428933 - INFO - sorted
2020-02-25 00:44:32,468 - monitoring_new.py_00:44:32.428933 - INFO - sorted
2020-02-25 00:44:32,470 - monitoring_new.py_00:44:32.428933 - INFO - sorted
2020-02-25 00:44:32,471 - monitoring_new.py_00:44:32.428933 - INFO - sorted
2020-02-25 00:44:32,473 - monitoring_new.py_00:44:32.428933 - INFO - sorted
2020-02-25 00:44:32,474 - monitoring_new.py_00:44:32.428933 - INFO - sorted
2020-02-25 00:44:32,475 - monitoring_new.py_00:44:32.428933 - INFO - sorted
2020-02-25 00:44:32,477 - monitoring_new.py_00:44:32.428933 - INFO - sorted
2020-02-25 00:44:32,478 - monitoring_new.py_00:44:32.428933 - INFO - sorted
2020-02-25 00:44:32,479 - monitoring_new.py_00:44:32.428933 - INFO - sorted
2020-02-25 00:44:32,481 - monitoring_new.py_00:44:32.428933 - INFO - sorted
2020-02-25 00:44:32,482 - monitoring_new.py_00:44:32.428933 - INFO - sorted
2020-02-25 00:44:32,483 - monitoring_new.py_00:44:32.428933 - INFO - sorted
2020-02-25 00:44:32,484 - monitoring_new.py_00:44:32.428933 - INFO - sorted
2020-02-25 00:44:32,485 - monitoring_new.py_00:44:32.428933 - INFO - sorted
2020-02-25 00:44:32,486 - monitoring_new.py_00:44:32.428933 - INFO - sorted
2020-02-25 00:49:38,683 - app.py_00:49:38.683279 - INFO - Server Start!!!!!!!!!!!!!!!!!!!!!!
2020-02-25 00:49:39,318 - werkzeug - WARNING -  * Debugger is active!
2020-02-25 00:49:39,323 - werkzeug - INFO -  * Debugger PIN: 238-571-924
2020-02-25 00:49:39,333 - werkzeug - INFO -  * Running on http://1.232.245.14:2020/ (Press CTRL+C to quit)
2020-02-25 00:50:44,514 - werkzeug - INFO -  * Detected change in 'C:\\dev\\indiPyProject\\data\\TR_1206.py', reloading
2020-02-25 00:50:46,379 - app.py_00:50:46.379200 - INFO - Server Start!!!!!!!!!!!!!!!!!!!!!!
2020-02-25 00:50:47,014 - werkzeug - WARNING -  * Debugger is active!
2020-02-25 00:50:47,020 - werkzeug - INFO -  * Debugger PIN: 238-571-924
2020-02-25 00:50:47,030 - werkzeug - INFO -  * Running on http://1.232.245.14:2020/ (Press CTRL+C to quit)
2020-02-25 00:50:57,053 - werkzeug - INFO -  * Detected change in 'C:\\dev\\indiPyProject\\pyflask\\app.py', reloading
2020-02-25 00:50:58,660 - app.py_00:50:58.659358 - INFO - Server Start!!!!!!!!!!!!!!!!!!!!!!
2020-02-25 00:50:59,286 - werkzeug - WARNING -  * Debugger is active!
2020-02-25 00:50:59,292 - werkzeug - INFO -  * Debugger PIN: 238-571-924
2020-02-25 00:50:59,302 - werkzeug - INFO -  * Running on http://1.232.245.14:2020/ (Press CTRL+C to quit)
2020-02-25 01:07:48,976 - werkzeug - INFO - 1.232.245.14 - - [25/Feb/2020 01:07:48] "GET /get_stock_list/ HTTP/1.1" 200 -
2020-02-25 01:10:27,881 - werkzeug - INFO -  * Detected change in 'C:\\dev\\indiPyProject\\pyflask\\app.py', reloading
2020-02-25 01:10:29,586 - app.py_01:10:29.586016 - INFO - Server Start!!!!!!!!!!!!!!!!!!!!!!
2020-02-25 01:10:30,211 - werkzeug - WARNING -  * Debugger is active!
2020-02-25 01:10:30,216 - werkzeug - INFO -  * Debugger PIN: 238-571-924
2020-02-25 01:10:30,226 - werkzeug - INFO -  * Running on http://1.232.245.14:2020/ (Press CTRL+C to quit)
2020-02-25 01:12:40,767 - werkzeug - INFO -  * Detected change in 'C:\\dev\\indiPyProject\\pyflask\\app.py', reloading
2020-02-25 01:12:42,390 - app.py_01:12:42.390809 - INFO - Server Start!!!!!!!!!!!!!!!!!!!!!!
2020-02-25 01:12:43,025 - werkzeug - WARNING -  * Debugger is active!
2020-02-25 01:12:43,030 - werkzeug - INFO -  * Debugger PIN: 238-571-924
2020-02-25 01:12:43,040 - werkzeug - INFO -  * Running on http://1.232.245.14:2020/ (Press CTRL+C to quit)
2020-02-25 01:12:44,966 - index_01:12:44.966920 - INFO - index function success
2020-02-25 01:14:19,193 - app.py_01:14:19.193946 - INFO - Server Start!!!!!!!!!!!!!!!!!!!!!!
2020-02-25 01:14:19,828 - werkzeug - WARNING -  * Debugger is active!
2020-02-25 01:14:19,833 - werkzeug - INFO -  * Debugger PIN: 238-571-924
2020-02-25 01:14:19,843 - werkzeug - INFO -  * Running on http://1.232.245.14:2020/ (Press CTRL+C to quit)
2020-02-25 01:14:31,149 - werkzeug - INFO - 1.232.245.14 - - [25/Feb/2020 01:14:31] "POST /realTimeProgram_input2/ HTTP/1.1" 200 -
2020-02-25 01:14:51,290 - werkzeug - INFO -  * Detected change in 'C:\\dev\\indiPyProject\\pyflask\\app.py', reloading
2020-02-25 01:14:52,937 - app.py_01:14:52.937702 - INFO - Server Start!!!!!!!!!!!!!!!!!!!!!!
2020-02-25 01:14:53,566 - werkzeug - WARNING -  * Debugger is active!
2020-02-25 01:14:53,571 - werkzeug - INFO -  * Debugger PIN: 238-571-924
2020-02-25 01:14:53,580 - werkzeug - INFO -  * Running on http://1.232.245.14:2020/ (Press CTRL+C to quit)
2020-02-25 01:14:54,695 - werkzeug - INFO - 1.232.245.14 - - [25/Feb/2020 01:14:54] "POST /realTimeProgram_input2/ HTTP/1.1" 200 -
2020-02-25 01:15:57,996 - werkzeug - INFO - 1.232.245.14 - - [25/Feb/2020 01:15:57] "POST /realTimeProgram_input2/ HTTP/1.1" 200 -
2020-02-25 01:16:58,327 - index_01:16:58.327505 - INFO - index function success
2020-02-25 01:17:04,933 - monitoring_new.py_01:17:04.907906 - INFO - sorted
2020-02-25 01:17:04,934 - monitoring_new.py_01:17:04.907906 - INFO - sorted
2020-02-25 01:17:04,935 - monitoring_new.py_01:17:04.907906 - INFO - sorted
2020-02-25 01:17:04,936 - monitoring_new.py_01:17:04.907906 - INFO - sorted
2020-02-25 01:17:04,938 - monitoring_new.py_01:17:04.907906 - INFO - sorted
2020-02-25 01:17:04,939 - monitoring_new.py_01:17:04.907906 - INFO - sorted
2020-02-25 01:17:04,940 - monitoring_new.py_01:17:04.907906 - INFO - sorted
2020-02-25 01:17:04,941 - monitoring_new.py_01:17:04.907906 - INFO - sorted
2020-02-25 01:17:04,942 - monitoring_new.py_01:17:04.907906 - INFO - sorted
2020-02-25 01:17:04,944 - monitoring_new.py_01:17:04.907906 - INFO - sorted
2020-02-25 01:17:04,945 - monitoring_new.py_01:17:04.907906 - INFO - sorted
2020-02-25 01:17:04,946 - monitoring_new.py_01:17:04.907906 - INFO - sorted
2020-02-25 01:17:04,947 - monitoring_new.py_01:17:04.907906 - INFO - sorted
2020-02-25 01:17:04,948 - monitoring_new.py_01:17:04.907906 - INFO - sorted
2020-02-25 01:17:04,949 - monitoring_new.py_01:17:04.907906 - INFO - sorted
2020-02-25 01:17:04,951 - monitoring_new.py_01:17:04.907906 - INFO - sorted
2020-02-25 01:17:04,952 - monitoring_new.py_01:17:04.907906 - INFO - sorted
2020-02-25 01:17:04,953 - monitoring_new.py_01:17:04.907906 - INFO - sorted
2020-02-25 01:17:04,954 - monitoring_new.py_01:17:04.907906 - INFO - sorted
2020-02-25 01:17:04,955 - monitoring_new.py_01:17:04.907906 - INFO - sorted
2020-02-25 01:17:04,956 - monitoring_new.py_01:17:04.907906 - INFO - sorted
2020-02-25 01:17:04,957 - monitoring_new.py_01:17:04.907906 - INFO - sorted
2020-02-25 01:17:04,958 - monitoring_new.py_01:17:04.907906 - INFO - sorted
2020-02-25 01:17:04,959 - monitoring_new.py_01:17:04.907906 - INFO - sorted
2020-02-25 01:17:04,960 - monitoring_new.py_01:17:04.907906 - INFO - sorted
2020-02-25 01:17:04,961 - monitoring_new.py_01:17:04.907906 - INFO - sorted
2020-02-25 01:17:04,962 - monitoring_new.py_01:17:04.907906 - INFO - sorted
2020-02-25 01:17:04,963 - monitoring_new.py_01:17:04.907906 - INFO - sorted
2020-02-25 01:17:04,965 - monitoring_new.py_01:17:04.907906 - INFO - sorted
2020-02-25 01:17:04,966 - monitoring_new.py_01:17:04.907906 - INFO - sorted
2020-02-25 01:17:04,967 - monitoring_new.py_01:17:04.907906 - INFO - sorted
2020-02-25 01:17:04,968 - monitoring_new.py_01:17:04.907906 - INFO - sorted
2020-02-25 01:17:04,969 - monitoring_new.py_01:17:04.907906 - INFO - sorted
2020-02-25 01:17:04,970 - monitoring_new.py_01:17:04.907906 - INFO - sorted
2020-02-25 01:17:04,971 - monitoring_new.py_01:17:04.907906 - INFO - sorted
2020-02-25 01:17:04,972 - monitoring_new.py_01:17:04.907906 - INFO - sorted
2020-02-25 01:17:04,973 - monitoring_new.py_01:17:04.907906 - INFO - sorted
2020-02-25 01:17:04,974 - monitoring_new.py_01:17:04.907906 - INFO - sorted
2020-02-25 01:17:04,975 - monitoring_new.py_01:17:04.907906 - INFO - sorted
2020-02-25 01:17:04,976 - monitoring_new.py_01:17:04.907906 - INFO - sorted
2020-02-25 01:17:04,977 - monitoring_new.py_01:17:04.907906 - INFO - sorted
2020-02-25 01:17:04,978 - monitoring_new.py_01:17:04.907906 - INFO - sorted
2020-02-25 01:17:04,979 - monitoring_new.py_01:17:04.907906 - INFO - sorted
2020-02-25 01:17:04,980 - monitoring_new.py_01:17:04.907906 - INFO - sorted
2020-02-25 01:17:04,981 - monitoring_new.py_01:17:04.907906 - INFO - sorted
2020-02-25 01:17:04,983 - monitoring_new.py_01:17:04.907906 - INFO - sorted
2020-02-25 01:17:04,984 - monitoring_new.py_01:17:04.907906 - INFO - sorted
2020-02-25 01:17:04,985 - monitoring_new.py_01:17:04.907906 - INFO - sorted
2020-02-25 01:17:04,986 - monitoring_new.py_01:17:04.907906 - INFO - sorted
2020-02-25 01:17:04,987 - monitoring_new.py_01:17:04.907906 - INFO - sorted
2020-02-25 01:17:04,988 - monitoring_new.py_01:17:04.907906 - INFO - sorted
2020-02-25 01:17:04,989 - monitoring_new.py_01:17:04.907906 - INFO - sorted
2020-02-25 01:17:04,990 - monitoring_new.py_01:17:04.907906 - INFO - sorted
2020-02-25 01:17:04,991 - monitoring_new.py_01:17:04.907906 - INFO - sorted
2020-02-25 01:17:04,992 - monitoring_new.py_01:17:04.907906 - INFO - sorted
2020-02-25 01:17:04,993 - monitoring_new.py_01:17:04.907906 - INFO - sorted
2020-02-25 01:17:04,994 - monitoring_new.py_01:17:04.907906 - INFO - sorted
2020-02-25 01:17:04,995 - monitoring_new.py_01:17:04.907906 - INFO - sorted
2020-02-25 01:17:04,996 - monitoring_new.py_01:17:04.907906 - INFO - sorted
2020-02-25 01:17:04,997 - monitoring_new.py_01:17:04.907906 - INFO - sorted
2020-02-25 01:17:04,998 - monitoring_new.py_01:17:04.907906 - INFO - sorted
2020-02-25 01:17:04,999 - monitoring_new.py_01:17:04.907906 - INFO - sorted
2020-02-25 01:17:05,000 - monitoring_new.py_01:17:04.907906 - INFO - sorted
2020-02-25 01:17:05,001 - monitoring_new.py_01:17:04.907906 - INFO - sorted
2020-02-25 01:17:05,003 - monitoring_new.py_01:17:04.907906 - INFO - sorted
2020-02-25 01:17:05,004 - monitoring_new.py_01:17:04.907906 - INFO - sorted
2020-02-25 01:17:05,005 - monitoring_new.py_01:17:04.907906 - INFO - sorted
2020-02-25 01:17:05,006 - monitoring_new.py_01:17:04.907906 - INFO - sorted
2020-02-25 01:17:05,007 - monitoring_new.py_01:17:04.907906 - INFO - sorted
2020-02-25 01:17:05,008 - monitoring_new.py_01:17:04.907906 - INFO - sorted
2020-02-25 01:17:05,009 - monitoring_new.py_01:17:04.907906 - INFO - sorted
2020-02-25 01:17:05,010 - monitoring_new.py_01:17:04.907906 - INFO - sorted
2020-02-25 01:17:05,011 - monitoring_new.py_01:17:04.907906 - INFO - sorted
2020-02-25 01:17:05,012 - monitoring_new.py_01:17:04.907906 - INFO - sorted
2020-02-25 01:17:05,013 - monitoring_new.py_01:17:04.907906 - INFO - sorted
2020-02-25 01:17:05,014 - monitoring_new.py_01:17:04.907906 - INFO - sorted
2020-02-25 01:17:05,015 - monitoring_new.py_01:17:04.907906 - INFO - sorted
2020-02-25 01:17:05,016 - monitoring_new.py_01:17:04.907906 - INFO - sorted
2020-02-25 01:17:05,017 - monitoring_new.py_01:17:04.907906 - INFO - sorted
2020-02-25 01:17:05,018 - monitoring_new.py_01:17:04.907906 - INFO - sorted
2020-02-25 01:17:05,019 - monitoring_new.py_01:17:04.907906 - INFO - sorted
2020-02-25 01:17:05,020 - monitoring_new.py_01:17:04.907906 - INFO - sorted
